#
# There is insufficient memory for the Java Runtime Environment to continue.
# Native memory allocation (malloc) failed to allocate 1048576 bytes for AllocateHeap
# Possible reasons:
#   The system is out of physical RAM or swap space
#   In 32 bit mode, the process size limit was hit
# Possible solutions:
#   Reduce memory load on the system
#   Increase physical memory or swap space
#   Check if swap backing store is full
#   Use 64 bit Java on a 64 bit OS
#   Decrease Java heap size (-Xmx/-Xms)
#   Decrease number of Java threads
#   Decrease Java thread stack sizes (-Xss)
#   Set larger code cache with -XX:ReservedCodeCacheSize=
# This output file may be truncated or incomplete.
#
#  Out of Memory Error (memory/allocation.inline.hpp:61), pid=11820, tid=0x0000000000005894
#
# JRE version:  (8.0_191-b12) (build )
# Java VM: Java HotSpot(TM) 64-Bit Server VM (25.191-b12 mixed mode windows-amd64 compressed oops)
# Failed to write core dump. Minidumps are not enabled by default on client versions of Windows
#

---------------  T H R E A D  ---------------

Current thread (0x000000000266e800):  JavaThread "Unknown thread" [_thread_in_vm, id=22676, stack(0x00000000024d0000,0x00000000025d0000)]

Stack: [0x00000000024d0000,0x00000000025d0000]
[error occurred during error reporting (printing stack bounds), id 0xc0000005]

Native frames: (J=compiled Java code, j=interpreted, Vv=VM code, C=native code)


---------------  P R O C E S S  ---------------

Java Threads: ( => current thread )

Other Threads:

=>0x000000000266e800 (exited) JavaThread "Unknown thread" [_thread_in_vm, id=22676, stack(0x00000000024d0000,0x00000000025d0000)]

VM state:not at safepoint (normal execution)

VM Mutex/Monitor currently owned by a thread: None

Heap:
 PSYoungGen      total 18944K, used 327K [0x00000000eb180000, 0x00000000ec680000, 0x0000000100000000)
  eden space 16384K, 2% used [0x00000000eb180000,0x00000000eb1d1ec8,0x00000000ec180000)
  from space 2560K, 0% used [0x00000000ec400000,0x00000000ec400000,0x00000000ec680000)
  to   space 2560K, 0% used [0x00000000ec180000,0x00000000ec180000,0x00000000ec400000)
 ParOldGen       total 44032K, used 0K [0x00000000c1400000, 0x00000000c3f00000, 0x00000000eb180000)
  object space 44032K, 0% used [0x00000000c1400000,0x00000000c1400000,0x00000000c3f00000)
 Metaspace       used 786K, capacity 4480K, committed 4480K, reserved 1056768K
  class space    used 76K, capacity 384K, committed 384K, reserved 1048576K

Card table byte_map: [0x0000000011b90000,0x0000000011d90000] byte_map_base: 0x0000000011586000

Marking Bits: (ParMarkBitMap*) 0x000000006bcd3e30
 Begin Bits: [0x00000000126e0000, 0x0000000013690000)
 End Bits:   [0x0000000013690000, 0x0000000014640000)

Polling page: 0x00000000003f0000

CodeCache: size=245760Kb used=328Kb max_used=328Kb free=245431Kb
 bounds [0x00000000027d0000, 0x0000000002a40000, 0x00000000117d0000]
 total_blobs=58 nmethods=0 adapters=38
 compilation: enabled

Compilation events (0 events):
No events

GC Heap History (0 events):
No events

Deoptimization events (0 events):
No events

Classes redefined (0 events):
No events

Internal exceptions (0 events):
No events

Events (10 events):
Event: 0.045 loading class java/lang/Short
Event: 0.045 loading class java/lang/Short done
Event: 0.045 loading class java/lang/Integer
Event: 0.045 loading class java/lang/Integer done
Event: 0.045 loading class java/lang/Long
Event: 0.045 loading class java/lang/Long done
Event: 0.046 loading class java/lang/NullPointerException
Event: 0.046 loading class java/lang/NullPointerException done
Event: 0.046 loading class java/lang/ArithmeticException
Event: 0.046 loading class java/lang/ArithmeticException done


Dynamic libraries:
0x00007ff68b370000 - 0x00007ff68b3a7000 	C:\Program Files\Java\jdk1.8.0_191\bin\java.exe
0x00007fff1c500000 - 0x00007fff1c6f0000 	C:\WINDOWS\SYSTEM32\ntdll.dll
0x00007fff1be70000 - 0x00007fff1bf22000 	C:\WINDOWS\System32\KERNEL32.DLL
0x00007fff198c0000 - 0x00007fff19b64000 	C:\WINDOWS\System32\KERNELBASE.dll
0x00007fff1bc10000 - 0x00007fff1bcb3000 	C:\WINDOWS\System32\ADVAPI32.dll
0x00007fff1ae30000 - 0x00007fff1aece000 	C:\WINDOWS\System32\msvcrt.dll
0x00007fff1bf50000 - 0x00007fff1bfe7000 	C:\WINDOWS\System32\sechost.dll
0x00007fff1c240000 - 0x00007fff1c360000 	C:\WINDOWS\System32\RPCRT4.dll
0x00007fff1c030000 - 0x00007fff1c1c4000 	C:\WINDOWS\System32\USER32.dll
0x00007fff19490000 - 0x00007fff194b1000 	C:\WINDOWS\System32\win32u.dll
0x00007fff1c000000 - 0x00007fff1c026000 	C:\WINDOWS\System32\GDI32.dll
0x00007fff194c0000 - 0x00007fff19654000 	C:\WINDOWS\System32\gdi32full.dll
0x00007fff197a0000 - 0x00007fff1983e000 	C:\WINDOWS\System32\msvcp_win.dll
0x00007fff1a2f0000 - 0x00007fff1a3ea000 	C:\WINDOWS\System32\ucrtbase.dll
0x00007fff052d0000 - 0x00007fff05554000 	C:\WINDOWS\WinSxS\amd64_microsoft.windows.common-controls_6595b64144ccf1df_6.0.18362.815_none_e6c3b941130ffef4\COMCTL32.dll
0x00007fff1a610000 - 0x00007fff1a946000 	C:\WINDOWS\System32\combase.dll
0x00007fff19840000 - 0x00007fff198c0000 	C:\WINDOWS\System32\bcryptPrimitives.dll
0x00007fff1b700000 - 0x00007fff1b72e000 	C:\WINDOWS\System32\IMM32.DLL
0x000000006bd60000 - 0x000000006be32000 	C:\Program Files\Java\jdk1.8.0_191\jre\bin\msvcr100.dll
0x000000006b4b0000 - 0x000000006bd54000 	C:\Program Files\Java\jdk1.8.0_191\jre\bin\server\jvm.dll
0x00007fff1c3e0000 - 0x00007fff1c3e8000 	C:\WINDOWS\System32\PSAPI.DLL
0x00007fff0c9a0000 - 0x00007fff0c9a9000 	C:\WINDOWS\SYSTEM32\WSOCK32.dll
0x00007fff1bba0000 - 0x00007fff1bc0f000 	C:\WINDOWS\System32\WS2_32.dll
0x00007fff0b9e0000 - 0x00007fff0ba04000 	C:\WINDOWS\SYSTEM32\WINMM.dll
0x00007fff13d90000 - 0x00007fff13d9a000 	C:\WINDOWS\SYSTEM32\VERSION.dll
0x00007fff0c6a0000 - 0x00007fff0c6cd000 	C:\WINDOWS\SYSTEM32\winmmbase.dll
0x00007fff1a540000 - 0x00007fff1a58a000 	C:\WINDOWS\System32\cfgmgr32.dll
0x000000006b4a0000 - 0x000000006b4af000 	C:\Program Files\Java\jdk1.8.0_191\jre\bin\verify.dll
0x000000006b470000 - 0x000000006b499000 	C:\Program Files\Java\jdk1.8.0_191\jre\bin\java.dll
0x000000006bfa0000 - 0x000000006bfd5000 	C:\Program Files\Java\jdk1.8.0_191\jre\bin\jdwp.dll
0x000000006bf90000 - 0x000000006bf98000 	C:\Program Files\Java\jdk1.8.0_191\jre\bin\npt.dll
0x000000006b450000 - 0x000000006b466000 	C:\Program Files\Java\jdk1.8.0_191\jre\bin\zip.dll

VM Arguments:
jvm_args: -agentlib:jdwp=transport=dt_socket,server=n,suspend=y,address=localhost:65395 -Dfile.encoding=UTF-8 
java_command: Main.window
java_class_path (initial): C:\Users\Fernando Alcalá\OneDrive\Biblioteca\Universidad\Programación Orientada a Objetos\Taller\Proyecto Final\bin
Launcher Type: SUN_STANDARD

Environment Variables:
JAVA_HOME=C:\Program Files\Java\jdk1.8.0_191
PATH=C:\Program Files (x86)\NVIDIA Corporation\PhysX\Common;C:\Program Files (x86)\Common Files\Oracle\Java\javapath;C:\Program Files\Microsoft MPI\Bin\;C:\Program Files (x86)\Intel\Intel(R) Management Engine Components\iCLS\;C:\Program Files\Intel\Intel(R) Management Engine Components\iCLS\;C:\WINDOWS\system32;C:\WINDOWS;C:\WINDOWS\System32\Wbem;C:\WINDOWS\System32\WindowsPowerShell\v1.0\;C:\Program Files (x86)\Intel\Intel(R) Management Engine Components\DAL;C:\Program Files\Intel\Intel(R) Management Engine Components\DAL;C:\Program Files (x86)\Intel\Intel(R) Management Engine Components\IPT;C:\Program Files\Intel\Intel(R) Management Engine Components\IPT;C:\Program Files\dotnet\;C:\Program Files\Microsoft SQL Server\130\Tools\Binn\;C:\Program Files\Git\cmd;C:\WINDOWS\System32\OpenSSH\;C:\PROGRA~1\CONDUS~1\DISKEE~1\;C:\Program Files\nodejs\;C:\Ruby26-x64\bin;C:\Users\Fernando Alcalá\AppData\Local\Microsoft\WindowsApps;C:\Users\Fernando Alcalá\AppData\Local\atom\bin;C:\Users\Fernando Alcalá\AppData\Local\GitHubDesktop\bin;C:\Users\Fernando Alcalá\AppData\Local\Microsoft\WindowsApps;;C:\Users\Fernando Alcalá\AppData\Local\Programs\Microsoft VS Code\bin;C:\Users\Fernando Alcalá\AppData\Roaming\npm
USERNAME=Fernando Alcalá
OS=Windows_NT
PROCESSOR_IDENTIFIER=Intel64 Family 6 Model 142 Stepping 10, GenuineIntel



---------------  S Y S T E M  ---------------

OS: Windows 10.0 , 64 bit Build 18362 (10.0.18362.778)

CPU:total 8 (initial active 8) (4 cores per cpu, 2 threads per core) family 6 model 142 stepping 10, cmov, cx8, fxsr, mmx, sse, sse2, sse3, ssse3, sse4.1, sse4.2, popcnt, avx, avx2, aes, clmul, erms, 3dnowpref, lzcnt, ht, tsc, tscinvbit, bmi1, bmi2, adx

Memory: 4k page, physical 4107364k(331428k free), swap 10398820k(5920k free)

vm_info: Java HotSpot(TM) 64-Bit Server VM (25.191-b12) for windows-amd64 JRE (1.8.0_191-b12), built on Oct  6 2018 09:29:03 by "java_re" with MS VC++ 10.0 (VS2010)

time: Fri May 08 00:19:18 2020
elapsed time: 0 seconds (0d 0h 0m 0s)

